Flow report for LB07
Wed Nov 29 11:30:22 2017
Quartus II 64-Bit Version 15.0.2 Build 153 07/15/2015 SJ Full Version


---------------------
; Table of Contents ;
---------------------
  1. Legal Notice
  2. Flow Summary
  3. Flow Settings
  4. Flow Non-Default Global Settings
  5. Flow Elapsed Time
  6. Flow OS Summary
  7. Flow Log
  8. Flow Messages
  9. Flow Suppressed Messages



----------------
; Legal Notice ;
----------------
Copyright (C) 1991-2015 Altera Corporation. All rights reserved.
Your use of Altera Corporation's design tools, logic functions 
and other software and tools, and its AMPP partner logic 
functions, and any output files from any of the foregoing 
(including device programming or simulation files), and any 
associated documentation or information are expressly subject 
to the terms and conditions of the Altera Program License 
Subscription Agreement, the Altera Quartus II License Agreement,
the Altera MegaCore Function License Agreement, or other 
applicable license agreement, including, without limitation, 
that your use is for the sole purpose of programming logic 
devices manufactured by Altera and sold by Altera or its 
authorized distributors.  Please refer to the applicable 
agreement for further details.



+----------------------------------------------------------------------------------+
; Flow Summary                                                                     ;
+------------------------------------+---------------------------------------------+
; Flow Status                        ; Successful - Wed Nov 29 11:30:22 2017       ;
; Quartus II 64-Bit Version          ; 15.0.2 Build 153 07/15/2015 SJ Full Version ;
; Revision Name                      ; LB07                                        ;
; Top-level Entity Name              ; TestSystem                                  ;
; Family                             ; Cyclone IV E                                ;
; Device                             ; EP4CE115F29C7                               ;
; Timing Models                      ; Final                                       ;
; Total logic elements               ; 709 / 114,480 ( < 1 % )                     ;
;     Total combinational functions  ; 454 / 114,480 ( < 1 % )                     ;
;     Dedicated logic registers      ; 556 / 114,480 ( < 1 % )                     ;
; Total registers                    ; 556                                         ;
; Total pins                         ; 38 / 529 ( 7 % )                            ;
; Total virtual pins                 ; 0                                           ;
; Total memory bits                  ; 327,680 / 3,981,312 ( 8 % )                 ;
; Embedded Multiplier 9-bit elements ; 0 / 532 ( 0 % )                             ;
; Total PLLs                         ; 0 / 4 ( 0 % )                               ;
+------------------------------------+---------------------------------------------+


+-----------------------------------------+
; Flow Settings                           ;
+-------------------+---------------------+
; Option            ; Setting             ;
+-------------------+---------------------+
; Start date & time ; 11/29/2017 11:28:53 ;
; Main task         ; Compilation         ;
; Revision Name     ; LB07                ;
+-------------------+---------------------+


+-----------------------------------------------------------------------------------------------------------------------------------------------------------------------------+
; Flow Non-Default Global Settings                                                                                                                                            ;
+-------------------------------------+--------------------------------------------------------------------------------------+---------------+-------------+------------------+
; Assignment Name                     ; Value                                                                                ; Default Value ; Entity Name ; Section Id       ;
+-------------------------------------+--------------------------------------------------------------------------------------+---------------+-------------+------------------+
; COMPILER_SIGNATURE_ID               ; 159090362099918.151198373301272                                                      ; --            ; --          ; --               ;
; EDA_OUTPUT_DATA_FORMAT              ; Vhdl                                                                                 ; --            ; --          ; eda_simulation   ;
; EDA_SIMULATION_TOOL                 ; ModelSim-Altera (VHDL)                                                               ; <None>        ; --          ; --               ;
; ENABLE_SIGNALTAP                    ; On                                                                                   ; --            ; --          ; --               ;
; FLOW_ENABLE_POWER_ANALYZER          ; On                                                                                   ; Off           ; --          ; --               ;
; MAX_CORE_JUNCTION_TEMP              ; 85                                                                                   ; --            ; --          ; --               ;
; MIN_CORE_JUNCTION_TEMP              ; 0                                                                                    ; --            ; --          ; --               ;
; NOMINAL_CORE_SUPPLY_VOLTAGE         ; 1.2V                                                                                 ; --            ; --          ; --               ;
; PARTITION_COLOR                     ; 16764057                                                                             ; --            ; TestSystem  ; Top              ;
; PARTITION_FITTER_PRESERVATION_LEVEL ; PLACEMENT_AND_ROUTING                                                                ; --            ; TestSystem  ; Top              ;
; PARTITION_NETLIST_TYPE              ; SOURCE                                                                               ; --            ; TestSystem  ; Top              ;
; PROJECT_OUTPUT_DIRECTORY            ; output_files                                                                         ; --            ; --          ; --               ;
; SLD_FILE                            ; db/stp1_auto_stripped.stp                                                            ; --            ; --          ; --               ;
; SLD_NODE_CREATOR_ID                 ; 110                                                                                  ; --            ; --          ; auto_signaltap_0 ;
; SLD_NODE_ENTITY_NAME                ; sld_signaltap                                                                        ; --            ; --          ; auto_signaltap_0 ;
; SLD_NODE_PARAMETER_ASSIGNMENT       ; SLD_RAM_BLOCK_TYPE=AUTO                                                              ; --            ; --          ; auto_signaltap_0 ;
; SLD_NODE_PARAMETER_ASSIGNMENT       ; SLD_NODE_INFO=805334528                                                              ; --            ; --          ; auto_signaltap_0 ;
; SLD_NODE_PARAMETER_ASSIGNMENT       ; SLD_POWER_UP_TRIGGER=0                                                               ; --            ; --          ; auto_signaltap_0 ;
; SLD_NODE_PARAMETER_ASSIGNMENT       ; SLD_ATTRIBUTE_MEM_MODE=OFF                                                           ; --            ; --          ; auto_signaltap_0 ;
; SLD_NODE_PARAMETER_ASSIGNMENT       ; SLD_INCREMENTAL_ROUTING=1                                                            ; --            ; --          ; auto_signaltap_0 ;
; SLD_NODE_PARAMETER_ASSIGNMENT       ; SLD_TRIGGER_LEVEL=1                                                                  ; --            ; --          ; auto_signaltap_0 ;
; SLD_NODE_PARAMETER_ASSIGNMENT       ; SLD_TRIGGER_IN_ENABLED=0                                                             ; --            ; --          ; auto_signaltap_0 ;
; SLD_NODE_PARAMETER_ASSIGNMENT       ; SLD_ADVANCED_TRIGGER_ENTITY=basic,1,                                                 ; --            ; --          ; auto_signaltap_0 ;
; SLD_NODE_PARAMETER_ASSIGNMENT       ; SLD_TRIGGER_LEVEL_PIPELINE=1                                                         ; --            ; --          ; auto_signaltap_0 ;
; SLD_NODE_PARAMETER_ASSIGNMENT       ; SLD_ENABLE_ADVANCED_TRIGGER=0                                                        ; --            ; --          ; auto_signaltap_0 ;
; SLD_NODE_PARAMETER_ASSIGNMENT       ; SLD_DATA_BITS=20                                                                     ; --            ; --          ; auto_signaltap_0 ;
; SLD_NODE_PARAMETER_ASSIGNMENT       ; SLD_TRIGGER_BITS=20                                                                  ; --            ; --          ; auto_signaltap_0 ;
; SLD_NODE_PARAMETER_ASSIGNMENT       ; SLD_STORAGE_QUALIFIER_BITS=20                                                        ; --            ; --          ; auto_signaltap_0 ;
; SLD_NODE_PARAMETER_ASSIGNMENT       ; SLD_INVERSION_MASK=00000000000000000000000000000000000000000000000000000000000000000 ; --            ; --          ; auto_signaltap_0 ;
; SLD_NODE_PARAMETER_ASSIGNMENT       ; SLD_INVERSION_MASK_LENGTH=65                                                         ; --            ; --          ; auto_signaltap_0 ;
; SLD_NODE_PARAMETER_ASSIGNMENT       ; SLD_STORAGE_QUALIFIER_INVERSION_MASK_LENGTH=0                                        ; --            ; --          ; auto_signaltap_0 ;
; SLD_NODE_PARAMETER_ASSIGNMENT       ; SLD_SEGMENT_SIZE=1                                                                   ; --            ; --          ; auto_signaltap_0 ;
; SLD_NODE_PARAMETER_ASSIGNMENT       ; SLD_STATE_FLOW_USE_GENERATED=1                                                       ; --            ; --          ; auto_signaltap_0 ;
; SLD_NODE_PARAMETER_ASSIGNMENT       ; SLD_STATE_BITS=2                                                                     ; --            ; --          ; auto_signaltap_0 ;
; SLD_NODE_PARAMETER_ASSIGNMENT       ; SLD_STATE_FLOW_MGR_ENTITY=sld_reserved_LB07_auto_signaltap_0_flow_mgr_c90c           ; --            ; --          ; auto_signaltap_0 ;
; SLD_NODE_PARAMETER_ASSIGNMENT       ; SLD_BUFFER_FULL_STOP=0                                                               ; --            ; --          ; auto_signaltap_0 ;
; SLD_NODE_PARAMETER_ASSIGNMENT       ; SLD_CURRENT_RESOURCE_WIDTH=0                                                         ; --            ; --          ; auto_signaltap_0 ;
; SLD_NODE_PARAMETER_ASSIGNMENT       ; SLD_SAMPLE_DEPTH=16384                                                               ; --            ; --          ; auto_signaltap_0 ;
; TOP_LEVEL_ENTITY                    ; TestSystem                                                                           ; LB07          ; --          ; --               ;
; USE_SIGNALTAP_FILE                  ; stp1.stp                                                                             ; --            ; --          ; --               ;
+-------------------------------------+--------------------------------------------------------------------------------------+---------------+-------------+------------------+


+-------------------------------------------------------------------------------------------------------------------------------+
; Flow Elapsed Time                                                                                                             ;
+---------------------------+--------------+-------------------------+---------------------+------------------------------------+
; Module Name               ; Elapsed Time ; Average Processors Used ; Peak Virtual Memory ; Total CPU Time (on all processors) ;
+---------------------------+--------------+-------------------------+---------------------+------------------------------------+
; Analysis & Synthesis      ; 00:00:35     ; 1.0                     ; 800 MB              ; 00:00:48                           ;
; Fitter                    ; 00:00:15     ; 1.8                     ; 1958 MB             ; 00:00:18                           ;
; Assembler                 ; 00:00:06     ; 1.0                     ; 618 MB              ; 00:00:04                           ;
; PowerPlay Power Analyzer  ; 00:00:09     ; 1.0                     ; 806 MB              ; 00:00:07                           ;
; TimeQuest Timing Analyzer ; 00:00:04     ; 1.0                     ; 848 MB              ; 00:00:03                           ;
; EDA Netlist Writer        ; 00:00:05     ; 1.0                     ; 594 MB              ; 00:00:02                           ;
; Total                     ; 00:01:14     ; --                      ; --                  ; 00:01:22                           ;
+---------------------------+--------------+-------------------------+---------------------+------------------------------------+


+----------------------------------------------------------------------------------------+
; Flow OS Summary                                                                        ;
+---------------------------+------------------+-----------+------------+----------------+
; Module Name               ; Machine Hostname ; OS Name   ; OS Version ; Processor type ;
+---------------------------+------------------+-----------+------------+----------------+
; Analysis & Synthesis      ; lab210           ; Windows 7 ; 6.1        ; x86_64         ;
; Fitter                    ; lab210           ; Windows 7 ; 6.1        ; x86_64         ;
; Assembler                 ; lab210           ; Windows 7 ; 6.1        ; x86_64         ;
; PowerPlay Power Analyzer  ; lab210           ; Windows 7 ; 6.1        ; x86_64         ;
; TimeQuest Timing Analyzer ; lab210           ; Windows 7 ; 6.1        ; x86_64         ;
; EDA Netlist Writer        ; lab210           ; Windows 7 ; 6.1        ; x86_64         ;
+---------------------------+------------------+-----------+------------+----------------+


------------
; Flow Log ;
------------
quartus_map --read_settings_files=on --write_settings_files=off LB07 -c LB07
quartus_fit --read_settings_files=off --write_settings_files=off LB07 -c LB07
quartus_asm --read_settings_files=off --write_settings_files=off LB07 -c LB07
quartus_pow --read_settings_files=off --write_settings_files=off LB07 -c LB07
quartus_sta LB07 -c LB07
quartus_eda --read_settings_files=off --write_settings_files=off LB07 -c LB07



